<?xml version="1.0" encoding="UTF-8"?>
<!-- Generated by org.testng.reporters.JUnitReportReporter -->
<testsuite skipped="0" hostname="DESKTOP-QS6EF70" name="Project.HomePage" tests="1" failures="0" timestamp="2020-05-02T11:27:52 BST" time="17.959" errors="0">
  <testcase name="LoginPageNavigation" time="17.959" classname="Project.HomePage"/>
  <system-out/>
</testsuite> <!-- Project.HomePage -->
